[04:22:24] [ServerMain/INFO]: [bootstrap] Running Java 22 (Java HotSpot(TM) 64-Bit Server VM 22.0.2+9-70; Oracle Corporation null) on Windows 11 10.0 (amd64)
[04:22:24] [ServerMain/INFO]: [bootstrap] Loading Paper 1.21.1-74-master@971a7a5 (2024-09-08T20:24:20Z) for Minecraft 1.21.1
[04:22:25] [ServerMain/INFO]: [PluginInitializerManager] Initializing plugins...
[04:22:25] [ServerMain/INFO]: [PluginInitializerManager] Initialized 8 plugins
[04:22:25] [ServerMain/INFO]: [PluginInitializerManager] Bukkit plugins (8):
 - Essentials (2.21.0-dev+111-b54c8c1), EssentialsChat (2.21.0-dev+111-b54c8c1), EssentialsSpawn (2.21.0-dev+111-b54c8c1), LuckPerms (5.4.131), SkinsRestorer (15.4.2), TAB (4.1.8), Vault (1.7.3-b131), WorldEdit (7.3.6+6892-3d660b8)
[04:22:27] [ServerMain/INFO]: Environment: Environment[sessionHost=https://sessionserver.mojang.com, servicesHost=https://api.minecraftservices.com, name=PROD]
[04:22:28] [ServerMain/INFO]: Loaded 1290 recipes
[04:22:28] [ServerMain/INFO]: Loaded 1399 advancements
[04:22:28] [Server thread/INFO]: Starting minecraft server version 1.21.1
[04:22:28] [Server thread/INFO]: Loading properties
[04:22:28] [Server thread/INFO]: This server is running Paper version 1.21.1-74-master@971a7a5 (2024-09-08T20:24:20Z) (Implementing API version 1.21.1-R0.1-SNAPSHOT)
[04:22:29] [Server thread/INFO]: [spark] This server bundles the spark profiler. For more information please visit https://docs.papermc.io/paper/profiling
[04:22:29] [Server thread/INFO]: Server Ping Player Sample Count: 12
[04:22:29] [Server thread/INFO]: Using 4 threads for Netty based IO
[04:22:29] [Server thread/INFO]: [ChunkTaskScheduler] Chunk system is using 1 I/O threads, 8 worker threads, and population gen parallelism of 8 threads
[04:22:29] [Server thread/INFO]: Default game type: SURVIVAL
[04:22:29] [Server thread/INFO]: Generating keypair
[04:22:29] [Server thread/INFO]: Starting Minecraft server on *:25565
[04:22:29] [Server thread/INFO]: Using default channel type
[04:22:29] [Server thread/INFO]: Paper: Using Java compression from Velocity.
[04:22:29] [Server thread/INFO]: Paper: Using Java cipher from Velocity.
[04:22:29] [Server thread/INFO]: [LuckPerms] Loading server plugin LuckPerms v5.4.131
[04:22:32] [Server thread/INFO]: [Vault] Loading server plugin Vault v1.7.3-b131
[04:22:32] [Server thread/INFO]: [Essentials] Loading server plugin Essentials v2.21.0-dev+111-b54c8c1
[04:22:32] [Server thread/INFO]: [WorldEdit] Loading server plugin WorldEdit v7.3.6+6892-3d660b8
[04:22:32] [Server thread/INFO]: Got request to register class com.sk89q.worldedit.bukkit.BukkitServerInterface with WorldEdit [com.sk89q.worldedit.extension.platform.PlatformManager@39d415f6]
[04:22:32] [Server thread/INFO]: [TAB] Loading server plugin TAB v4.1.8
[04:22:32] [Server thread/INFO]: [SkinsRestorer] Loading server plugin SkinsRestorer v15.4.2
[04:22:32] [Server thread/INFO]: [EssentialsSpawn] Loading server plugin EssentialsSpawn v2.21.0-dev+111-b54c8c1
[04:22:32] [Server thread/INFO]: [EssentialsChat] Loading server plugin EssentialsChat v2.21.0-dev+111-b54c8c1
[04:22:32] [Server thread/INFO]: Server permissions file permissions.yml is empty, ignoring it
[04:22:32] [Server thread/INFO]: [LuckPerms] Enabling LuckPerms v5.4.131
[04:22:33] [Server thread/INFO]:         __    
[04:22:33] [Server thread/INFO]:   |    |__)   LuckPerms v5.4.131
[04:22:33] [Server thread/INFO]:   |___ |      Running on Bukkit - Paper
[04:22:33] [Server thread/INFO]: 
[04:22:33] [Server thread/INFO]: [LuckPerms] Loading configuration...
[04:22:33] [Server thread/INFO]: [LuckPerms] Loading storage provider... [H2]
[04:22:34] [Server thread/INFO]: [LuckPerms] Loading internal permission managers...
[04:22:34] [Server thread/INFO]: [LuckPerms] Performing initial data load...
[04:22:34] [Server thread/INFO]: [LuckPerms] Successfully enabled. (took 1271ms)
[04:22:34] [Server thread/INFO]: [Vault] Enabling Vault v1.7.3-b131
[04:22:34] [Server thread/INFO]: [Vault] [Economy] Essentials Economy found: Waiting
[04:22:34] [Server thread/INFO]: [Vault] [Permission] SuperPermissions loaded as backup permission system.
[04:22:34] [Server thread/INFO]: [Vault] Enabled Version 1.7.3-b131
[04:22:34] [Server thread/INFO]: [LuckPerms] Registered Vault permission & chat hook.
[04:22:34] [Server thread/INFO]: [WorldEdit] Enabling WorldEdit v7.3.6+6892-3d660b8
[04:22:34] [Server thread/INFO]: Registering commands with com.sk89q.worldedit.bukkit.BukkitServerInterface
[04:22:34] [Server thread/INFO]: WEPIF: Vault detected! Using Vault for permissions
[04:22:34] [Server thread/INFO]: Using com.sk89q.worldedit.bukkit.adapter.impl.v1_21.PaperweightAdapter as the Bukkit adapter
[04:22:35] [Server thread/INFO]: [SkinsRestorer] Enabling SkinsRestorer v15.4.2
[04:22:35] [Server thread/WARN]: [SkinsRestorer] You must agree to the rules at 'commands.perSkinPermissionsConsent' in the config to use per skin permissions.
[04:22:35] [Server thread/INFO]: [SkinsRestorer] Running on Minecraft 1.21.1.
[04:22:36] [Server thread/INFO]: [SkinsRestorer] Using paper join listener!
[04:22:36] [Server thread/INFO]: Preparing level "world"
[04:22:36] [Folia Async Scheduler Thread #1/INFO]: [SkinsRestorer] ----------------------------------------------
[04:22:36] [Folia Async Scheduler Thread #1/INFO]: [SkinsRestorer]     +==================+
[04:22:36] [Folia Async Scheduler Thread #1/INFO]: [SkinsRestorer]     |   SkinsRestorer  |
[04:22:36] [Folia Async Scheduler Thread #1/INFO]: [SkinsRestorer]     |------------------|
[04:22:36] [Folia Async Scheduler Thread #1/INFO]: [SkinsRestorer]     |  Standalone Mode |
[04:22:36] [Folia Async Scheduler Thread #1/INFO]: [SkinsRestorer]     +==================+
[04:22:36] [Folia Async Scheduler Thread #1/INFO]: [SkinsRestorer] ----------------------------------------------
[04:22:36] [Folia Async Scheduler Thread #1/INFO]: [SkinsRestorer]     Version: 15.4.2
[04:22:36] [Folia Async Scheduler Thread #1/INFO]: [SkinsRestorer]     Commit: 210a436
[04:22:36] [Folia Async Scheduler Thread #1/INFO]: [SkinsRestorer]     This is the latest version!
[04:22:36] [Folia Async Scheduler Thread #1/INFO]: [SkinsRestorer] ----------------------------------------------
[04:22:36] [Server thread/INFO]: Preparing start region for dimension minecraft:overworld
[04:22:37] [Server thread/INFO]: Time elapsed: 500 ms
[04:22:37] [Server thread/INFO]: Preparing start region for dimension minecraft:the_nether
[04:22:37] [Server thread/INFO]: Time elapsed: 82 ms
[04:22:37] [Server thread/INFO]: Preparing start region for dimension minecraft:the_end
[04:22:37] [Server thread/INFO]: Time elapsed: 46 ms
[04:22:37] [Server thread/INFO]: [Essentials] Enabling Essentials v2.21.0-dev+111-b54c8c1
[04:22:37] [Server thread/INFO]: [Essentials] Attempting to convert old kits in config.yml to new kits.yml
[04:22:37] [Server thread/INFO]: [Essentials] No kits found to migrate.
[04:22:37] [Server thread/INFO]: [Essentials] Loaded 42679 items from items.json.
[04:22:38] [Server thread/INFO]: [Essentials] Using locale en_US
[04:22:38] [Server thread/INFO]: [Essentials] ServerListPingEvent: Spigot iterator API
[04:22:38] [Server thread/INFO]: [Essentials] Starting Metrics. Opt-out using the global bStats config.
[04:22:38] [Server thread/INFO]: [Vault] [Economy] Essentials Economy hooked.
[04:22:38] [Server thread/INFO]: [Essentials] Using Vault based permissions (LuckPerms)
[04:22:38] [Server thread/INFO]: [TAB] Enabling TAB v4.1.8
[04:22:38] [Server thread/INFO]: [TAB] Loaded NMS hook in 71ms
[04:22:38] [Server thread/INFO]: [TAB] Enabled in 270ms
[04:22:38] [Server thread/INFO]: [EssentialsSpawn] Enabling EssentialsSpawn v2.21.0-dev+111-b54c8c1
[04:22:38] [Server thread/INFO]: [EssentialsSpawn] Starting Metrics. Opt-out using the global bStats config.
[04:22:38] [Server thread/INFO]: [EssentialsChat] Enabling EssentialsChat v2.21.0-dev+111-b54c8c1
[04:22:38] [Server thread/INFO]: [EssentialsChat] Starting Metrics. Opt-out using the global bStats config.
[04:22:38] [Server thread/INFO]: [spark] Starting background profiler...
[04:22:38] [Server thread/INFO]: [spark] The async-profiler engine is not supported for your os/arch (windows11/amd64), so the built-in Java engine will be used instead.
[04:22:38] [Server thread/INFO]: Done preparing level "world" (2.477s)
[04:22:38] [Server thread/INFO]: Running delayed init tasks
[04:22:38] [Server thread/INFO]: [Essentials] Essentials found a compatible payment resolution method: Vault Compatibility Layer (v1.7.3-b131)!
[04:22:38] [Server thread/INFO]: Done (14.749s)! For help, type "help"
[04:22:38] [Server thread/INFO]: Timings Reset
[04:22:38] [Craft Scheduler Thread - 0 - Vault/INFO]: [Vault] Checking for Updates ... 
[04:22:38] [Craft Scheduler Thread - 2 - Essentials/INFO]: [Essentials] Fetching version information...
[04:22:39] [Craft Scheduler Thread - 0 - Vault/INFO]: [Vault] No new version available
[04:22:43] [User Authenticator #0/INFO]: UUID of player Krittapas11234 is b5b5c157-f981-4941-b92f-4c3e045cc543
[04:22:44] [Server thread/INFO]: Krittapas11234[/127.0.0.1:60658] logged in with entity id 78 at ([world]-45.14300121358292, 64.0, 33.600252805566015)
[04:22:44] [Server thread/INFO]: 06xarm joined the game
[04:22:50] [Server thread/INFO]: Krittapas11234 issued server command: /lp listgroups
[04:24:02] [Server thread/INFO]: Krittapas11234 issued server command: /lp applyedits
[04:24:10] [Server thread/INFO]: Krittapas11234 issued server command: /lp import
[04:24:25] [Server thread/INFO]: Krittapas11234 issued server command: /lp editor
[04:24:40] [Server thread/INFO]: Krittapas11234 issued server command: /lp trusteditor dbb7-38d2
[04:25:50] [Server thread/INFO]: Krittapas11234 issued server command: /lp listgroups
[04:25:54] [Server thread/INFO]: Krittapas11234 issued server command: /lp reloadconfig
[04:25:58] [Server thread/INFO]: Krittapas11234 issued server command: /lp listgroups
[04:26:40] [luckperms-worker-4/INFO]: [LP] LOG > (Krittapas11234) [G] (owner)
[04:26:40] [luckperms-worker-4/INFO]: [LP] LOG > webeditor add displayname.[Owner] true
[04:26:40] [luckperms-worker-4/INFO]: [LP] LOG > (Krittapas11234) [G] (owner)
[04:26:40] [luckperms-worker-4/INFO]: [LP] LOG > webeditor add group.default true
[04:26:40] [luckperms-worker-4/INFO]: [LP] LOG > (Krittapas11234) [G] (owner)
[04:26:40] [luckperms-worker-4/INFO]: [LP] LOG > webeditor add weight.45 true
[04:26:50] [Server thread/INFO]: Krittapas11234 issued server command: /lp listgroups
[04:27:03] [luckperms-worker-7/INFO]: [LP] LOG > (Krittapas11234) [G] (owner)
[04:27:03] [luckperms-worker-7/INFO]: [LP] LOG > webeditor remove displayname.[Owner] true
[04:27:14] [Server thread/INFO]: Krittapas11234 issued server command: /lp listgroups
[04:27:44] [Server thread/INFO]: Krittapas11234 issued server command: /lp user Krittapas11234 editor
[04:28:59] [Server thread/INFO]: Krittapas11234 issued server command: /lp user Krittapas11234 parent set owner
[04:28:59] [luckperms-command-executor/INFO]: [LP] LOG > (Krittapas11234) [U] (krittapas11234)
[04:28:59] [luckperms-command-executor/INFO]: [LP] LOG > parent set owner
[04:29:03] [Async Chat Thread - #2/INFO]: <06xarm> edf
[04:30:40] [luckperms-worker-4/INFO]: [LP] LOG > (Krittapas11234) [G] (owner)
[04:30:40] [luckperms-worker-4/INFO]: [LP] LOG > webeditor add group.owner true
[04:31:02] [Server thread/INFO]: Krittapas11234 issued server command: /lp listgroups
[04:31:07] [Server thread/INFO]: Krittapas11234 issued server command: /lp editor
[04:33:35] [luckperms-worker-2/INFO]: [LP] LOG > (Krittapas11234) [G] (owner)
[04:33:35] [luckperms-worker-2/INFO]: [LP] LOG > webeditor add bukkit.broadcast.admin true
[04:33:35] [luckperms-worker-2/INFO]: [LP] LOG > (Krittapas11234) [G] (owner)
[04:33:35] [luckperms-worker-2/INFO]: [LP] LOG > webeditor add bukkit.broadcast.user true
[04:34:41] [luckperms-worker-7/INFO]: [LP] LOG > (Krittapas11234) [G] (owner)
[04:34:41] [luckperms-worker-7/INFO]: [LP] LOG > webeditor add prefix.45.&#FFE259&l{ &#FFC555&lO&#FFB653&lw&#FFA751&ln&#EEB775&le&#DEC799&lr &#BCE7E0&l}  true
[04:34:58] [Async Chat Thread - #3/INFO]: <{ Owner } 06xarm> e
[04:35:23] [luckperms-worker-7/INFO]: [LP] LOG > (Krittapas11234) [G] (owner)
[04:35:23] [luckperms-worker-7/INFO]: [LP] LOG > webeditor remove bukkit.broadcast.admin true
[04:35:23] [luckperms-worker-7/INFO]: [LP] LOG > (Krittapas11234) [G] (owner)
[04:35:23] [luckperms-worker-7/INFO]: [LP] LOG > webeditor remove bukkit.broadcast.user true
[04:35:23] [luckperms-worker-7/INFO]: [LP] LOG > (Krittapas11234) [G] (owner)
[04:35:23] [luckperms-worker-7/INFO]: [LP] LOG > webeditor remove group.default true
[04:35:23] [luckperms-worker-7/INFO]: [LP] LOG > (Krittapas11234) [G] (owner)
[04:35:23] [luckperms-worker-7/INFO]: [LP] LOG > webeditor remove group.owner true
[04:36:26] [Server thread/INFO]: Krittapas11234 lost connection: Disconnected
[04:36:26] [Server thread/INFO]: { Owner } 06xarm left the game
